\BOOKMARK [0][-]{chapter*.1}{Abstract}{}% 1
\BOOKMARK [0][-]{chapter*.2}{Declaration}{}% 2
\BOOKMARK [0][-]{chapter*.3}{Acknowledgement}{}% 3
\BOOKMARK [0][-]{chapter*.6}{List of abbreviations}{}% 4
\BOOKMARK [0][-]{chapter.1}{Introduction}{}% 5
\BOOKMARK [1][-]{section.1.1}{Problem Statement}{chapter.1}% 6
\BOOKMARK [1][-]{section.1.2}{Outline of the report}{chapter.1}% 7
\BOOKMARK [1][-]{section.1.3}{Gantt chart}{chapter.1}% 8
\BOOKMARK [0][-]{chapter.2}{Background Study}{}% 9
\BOOKMARK [1][-]{section.2.1}{Introduction}{chapter.2}% 10
\BOOKMARK [1][-]{section.2.2}{Machine Learning}{chapter.2}% 11
\BOOKMARK [2][-]{subsection.2.2.1}{Types}{section.2.2}% 12
\BOOKMARK [2][-]{subsection.2.2.2}{Features}{section.2.2}% 13
\BOOKMARK [2][-]{subsection.2.2.3}{Generalization}{section.2.2}% 14
\BOOKMARK [1][-]{section.2.3}{Neural Networks}{chapter.2}% 15
\BOOKMARK [2][-]{subsection.2.3.1}{Origins}{section.2.3}% 16
\BOOKMARK [2][-]{subsection.2.3.2}{Multi-layer networks}{section.2.3}% 17
\BOOKMARK [2][-]{subsection.2.3.3}{Back-propagation}{section.2.3}% 18
\BOOKMARK [2][-]{subsection.2.3.4}{Deep learning}{section.2.3}% 19
\BOOKMARK [2][-]{subsection.2.3.5}{Activation function type}{section.2.3}% 20
\BOOKMARK [1][-]{section.2.4}{Computer vision}{chapter.2}% 21
\BOOKMARK [2][-]{subsection.2.4.1}{Overview}{section.2.4}% 22
\BOOKMARK [2][-]{subsection.2.4.2}{Object detection}{section.2.4}% 23
\BOOKMARK [1][-]{section.2.5}{Convolutional neural networks}{chapter.2}% 24
\BOOKMARK [2][-]{subsection.2.5.1}{Justification}{section.2.5}% 25
\BOOKMARK [2][-]{subsection.2.5.2}{Basic structure}{section.2.5}% 26
\BOOKMARK [2][-]{subsection.2.5.3}{ Pooling and stride}{section.2.5}% 27
\BOOKMARK [2][-]{subsection.2.5.4}{Additional layers}{section.2.5}% 28
\BOOKMARK [2][-]{subsection.2.5.5}{Regularization and data augmentation}{section.2.5}% 29
\BOOKMARK [2][-]{subsection.2.5.6}{Development}{section.2.5}% 30
\BOOKMARK [0][-]{chapter.3}{Convolutional object detection}{}% 31
\BOOKMARK [1][-]{section.3.1}{Introduction}{chapter.3}% 32
\BOOKMARK [1][-]{section.3.2}{R-CNN}{chapter.3}% 33
\BOOKMARK [2][-]{subsection.3.2.1}{General description}{section.3.2}% 34
\BOOKMARK [2][-]{subsection.3.2.2}{Drawbacks}{section.3.2}% 35
\BOOKMARK [1][-]{section.3.3}{Fast R-CNN}{chapter.3}% 36
\BOOKMARK [2][-]{subsection.3.3.1}{General description}{section.3.3}% 37
\BOOKMARK [2][-]{subsection.3.3.2}{Classification performance}{section.3.3}% 38
\BOOKMARK [2][-]{subsection.3.3.3}{Training}{section.3.3}% 39
\BOOKMARK [1][-]{section.3.4}{Region proposal generation and use}{chapter.3}% 40
\BOOKMARK [2][-]{subsection.3.4.1}{Overview}{section.3.4}% 41
\BOOKMARK [2][-]{subsection.3.4.2}{Selective Search}{section.3.4}% 42
\BOOKMARK [2][-]{subsection.3.4.3}{Edge Boxes}{section.3.4}% 43
\BOOKMARK [1][-]{section.3.5}{Faster R-CNN}{chapter.3}% 44
\BOOKMARK [2][-]{subsection.3.5.1}{Overview}{section.3.5}% 45
\BOOKMARK [2][-]{subsection.3.5.2}{General description}{section.3.5}% 46
\BOOKMARK [1][-]{section.3.6}{ SSD}{chapter.3}% 47
\BOOKMARK [2][-]{subsection.3.6.1}{Overview}{section.3.6}% 48
\BOOKMARK [1][-]{section.3.7}{Comparing the methods}{chapter.3}% 49
\BOOKMARK [0][-]{chapter.4}{Implementation and Setup}{}% 50
\BOOKMARK [1][-]{section.4.1}{Introduction}{chapter.4}% 51
\BOOKMARK [1][-]{section.4.2}{Data Acquisition}{chapter.4}% 52
\BOOKMARK [2][-]{subsection.4.2.1}{Insects Data Exploration }{section.4.2}% 53
\BOOKMARK [2][-]{subsection.4.2.2}{Weed Data Exploration }{section.4.2}% 54
\BOOKMARK [1][-]{section.4.3}{Region Proposal Networks}{chapter.4}% 55
\BOOKMARK [2][-]{subsection.4.3.1}{Translation-Invariant Anchors}{section.4.3}% 56
\BOOKMARK [2][-]{subsection.4.3.2}{A Loss Function for Learning Region Proposals}{section.4.3}% 57
\BOOKMARK [2][-]{subsection.4.3.3}{Optimization}{section.4.3}% 58
\BOOKMARK [2][-]{subsection.4.3.4}{Sharing Convolutional Features for Region Proposal and Object Detection}{section.4.3}% 59
\BOOKMARK [1][-]{section.4.4}{Edge Boxes Parameters}{chapter.4}% 60
\BOOKMARK [1][-]{section.4.5}{Faster R-CNN Architecture Model}{chapter.4}% 61
\BOOKMARK [2][-]{subsection.4.5.1}{Iterative Region Proposal Refinement Model}{section.4.5}% 62
\BOOKMARK [2][-]{subsection.4.5.2}{LSTM Region Proposal Refinement Model}{section.4.5}% 63
\BOOKMARK [0][-]{chapter.5}{Result Analysis and Conclusion }{}% 64
\BOOKMARK [1][-]{section.5.1}{Result Analysis}{chapter.5}% 65
\BOOKMARK [1][-]{section.5.2}{Conclusion}{chapter.5}% 66
\BOOKMARK [2][-]{subsection.5.2.1}{Overview}{section.5.2}% 67
\BOOKMARK [2][-]{subsection.5.2.2}{Practice}{section.5.2}% 68
\BOOKMARK [1][-]{section.5.3}{The Future}{chapter.5}% 69
\BOOKMARK [1][-]{section.5.4}{Hardware Requirement}{chapter.5}% 70
\BOOKMARK [0][-]{chapter*.11}{References}{}% 71
\BOOKMARK [0][-]{Appendix.1.A}{Appendix Image Detection and Classification Source Code}{}% 72
\BOOKMARK [0][-]{Appendix.2.B}{Appendix Video Detection and Classification Source Code}{}% 73
\BOOKMARK [0][-]{Appendix.3.C}{Appendix Webcam Detection and Classification Source Code}{}% 74
